This file contains any messages produced by compilers while
running configure, to aid debugging if configure makes a mistake.

It was created by GLPK configure 5.0, which was
generated by GNU Autoconf 2.71.  Invocation command line was

  $ ./configure --no-create --no-recursion

## --------- ##
## Platform. ##
## --------- ##

hostname = srv-nds-munez
uname -m = x86_64
uname -r = 5.15.0-156-generic
uname -s = Linux
uname -v = #166-Ubuntu SMP Sat Aug 9 00:02:46 UTC 2025

/usr/bin/uname -p = x86_64
/bin/uname -X     = unknown

/bin/arch              = x86_64
/usr/bin/arch -k       = unknown
/usr/convex/getsysinfo = unknown
/usr/bin/hostinfo      = unknown
/bin/machine           = unknown
/usr/bin/oslevel       = unknown
/bin/universe          = unknown

PATH: /root/.local/bin/
PATH: /opt/tljh/user/bin/
PATH: /opt/hpc.nds/spark/bin/
PATH: /opt/hpc.nds/hadoop/bin/
PATH: /usr/local/sbin/
PATH: /usr/local/bin/
PATH: /usr/sbin/
PATH: /usr/bin/
PATH: /sbin/
PATH: /bin/
PATH: /snap/bin/
PATH: /


## ----------- ##
## Core tests. ##
## ----------- ##

configure:2347: looking for aux files: config.guess config.sub ltmain.sh missing install-sh
configure:2360:  trying ./
configure:2389:   ./config.guess found
configure:2389:   ./config.sub found
configure:2389:   ./ltmain.sh found
configure:2389:   ./missing found
configure:2371:   ./install-sh found
configure:2523: checking for a BSD-compatible install
configure:2596: result: /usr/bin/install -c
configure:2607: checking whether build environment is sane
configure:2662: result: yes
configure:2825: checking for a race-free mkdir -p
configure:2869: result: /usr/bin/mkdir -p
configure:2876: checking for gawk
configure:2897: found /usr/bin/gawk
configure:2908: result: gawk
configure:2919: checking whether make sets $(MAKE)
configure:2942: result: yes
configure:3155: checking for gcc
configure:3176: found /usr/bin/gcc
configure:3187: result: gcc
configure:3540: checking for C compiler version
configure:3549: gcc --version >&5
gcc (Ubuntu 11.4.0-1ubuntu1~22.04.2) 11.4.0
Copyright (C) 2021 Free Software Foundation, Inc.
This is free software; see the source for copying conditions.  There is NO
warranty; not even for MERCHANTABILITY or FITNESS FOR A PARTICULAR PURPOSE.

configure:3560: $? = 0
configure:3549: gcc -v >&5
Using built-in specs.
COLLECT_GCC=gcc
COLLECT_LTO_WRAPPER=/usr/lib/gcc/x86_64-linux-gnu/11/lto-wrapper
OFFLOAD_TARGET_NAMES=nvptx-none:amdgcn-amdhsa
OFFLOAD_TARGET_DEFAULT=1
Target: x86_64-linux-gnu
Configured with: ../src/configure -v --with-pkgversion='Ubuntu 11.4.0-1ubuntu1~22.04.2' --with-bugurl=file:///usr/share/doc/gcc-11/README.Bugs --enable-languages=c,ada,c++,go,brig,d,fortran,objc,obj-c++,m2 --prefix=/usr --with-gcc-major-version-only --program-suffix=-11 --program-prefix=x86_64-linux-gnu- --enable-shared --enable-linker-build-id --libexecdir=/usr/lib --without-included-gettext --enable-threads=posix --libdir=/usr/lib --enable-nls --enable-bootstrap --enable-clocale=gnu --enable-libstdcxx-debug --enable-libstdcxx-time=yes --with-default-libstdcxx-abi=new --enable-gnu-unique-object --disable-vtable-verify --enable-plugin --enable-default-pie --with-system-zlib --enable-libphobos-checking=release --with-target-system-zlib=auto --enable-objc-gc=auto --enable-multiarch --disable-werror --enable-cet --with-arch-32=i686 --with-abi=m64 --with-multilib-list=m32,m64,mx32 --enable-multilib --with-tune=generic --enable-offload-targets=nvptx-none=/build/gcc-11-2Y5pKs/gcc-11-11.4.0/debian/tmp-nvptx/usr,amdgcn-amdhsa=/build/gcc-11-2Y5pKs/gcc-11-11.4.0/debian/tmp-gcn/usr --without-cuda-driver --enable-checking=release --build=x86_64-linux-gnu --host=x86_64-linux-gnu --target=x86_64-linux-gnu --with-build-config=bootstrap-lto-lean --enable-link-serialization=2
Thread model: posix
Supported LTO compression algorithms: zlib zstd
gcc version 11.4.0 (Ubuntu 11.4.0-1ubuntu1~22.04.2) 
... rest of stderr output deleted ...
configure:3560: $? = 0
configure:3549: gcc -V >&5
gcc: error: unrecognized command-line option '-V'
gcc: fatal error: no input files
compilation terminated.
configure:3560: $? = 1
configure:3549: gcc -qversion >&5
gcc: error: unrecognized command-line option '-qversion'; did you mean '--version'?
gcc: fatal error: no input files
compilation terminated.
configure:3560: $? = 1
configure:3549: gcc -version >&5
gcc: error: unrecognized command-line option '-version'
gcc: fatal error: no input files
compilation terminated.
configure:3560: $? = 1
configure:3580: checking whether the C compiler works
configure:3602: gcc    conftest.c  >&5
configure:3606: $? = 0
configure:3656: result: yes
configure:3659: checking for C compiler default output file name
configure:3661: result: a.out
configure:3667: checking for suffix of executables
configure:3674: gcc -o conftest    conftest.c  >&5
configure:3678: $? = 0
configure:3701: result: 
configure:3723: checking whether we are cross compiling
configure:3731: gcc -o conftest    conftest.c  >&5
configure:3735: $? = 0
configure:3742: ./conftest
configure:3746: $? = 0
configure:3761: result: no
configure:3766: checking for suffix of object files
configure:3789: gcc -c   conftest.c >&5
configure:3793: $? = 0
configure:3815: result: o
configure:3819: checking whether the compiler supports GNU C
configure:3839: gcc -c   conftest.c >&5
configure:3839: $? = 0
configure:3849: result: yes
configure:3860: checking whether gcc accepts -g
configure:3881: gcc -c -g  conftest.c >&5
configure:3881: $? = 0
configure:3925: result: yes
configure:3945: checking for gcc option to enable C11 features
configure:3960: gcc  -c -g -O2  conftest.c >&5
configure:3960: $? = 0
configure:3978: result: none needed
configure:4099: checking for style of include used by make
configure:4127: result: GNU
configure:4154: checking dependency style of gcc
configure:4266: result: gcc3
configure:4315: checking build system type
configure:4330: result: x86_64-unknown-linux-gnu
configure:4350: checking host system type
configure:4364: result: x86_64-unknown-linux-gnu
configure:4405: checking how to print strings
configure:4432: result: printf
configure:4453: checking for a sed that does not truncate output
configure:4523: result: /usr/bin/sed
configure:4541: checking for grep that handles long lines and -e
configure:4605: result: /usr/bin/grep
configure:4610: checking for egrep
configure:4678: result: /usr/bin/grep -E
configure:4683: checking for fgrep
configure:4751: result: /usr/bin/grep -F
configure:4787: checking for ld used by gcc
configure:4855: result: /usr/bin/ld
configure:4862: checking if the linker (/usr/bin/ld) is GNU ld
configure:4878: result: yes
configure:4890: checking for BSD- or MS-compatible name lister (nm)
configure:4940: result: /usr/bin/nm -B
configure:5080: checking the name lister (/usr/bin/nm -B) interface
configure:5088: gcc -c -g -O2  conftest.c >&5
configure:5091: /usr/bin/nm -B "conftest.o"
configure:5094: output
0000000000000000 B some_variable
configure:5101: result: BSD nm
configure:5104: checking whether ln -s works
configure:5108: result: yes
configure:5116: checking the maximum length of command line arguments
configure:5242: result: 1572864
configure:5259: checking whether the shell understands some XSI constructs
configure:5269: result: yes
configure:5273: checking whether the shell understands "+="
configure:5279: result: yes
configure:5314: checking how to convert x86_64-unknown-linux-gnu file names to x86_64-unknown-linux-gnu format
configure:5355: result: func_convert_file_noop
configure:5362: checking how to convert x86_64-unknown-linux-gnu file names to toolchain format
configure:5383: result: func_convert_file_noop
configure:5390: checking for /usr/bin/ld option to reload object files
configure:5398: result: -r
configure:5477: checking for objdump
configure:5498: found /usr/bin/objdump
configure:5509: result: objdump
configure:5541: checking how to recognize dependent libraries
configure:5744: result: pass_all
configure:5834: checking for dlltool
configure:5869: result: no
configure:5899: checking how to associate runtime and link libraries
configure:5927: result: printf %s\n
configure:5993: checking for ar
configure:6014: found /usr/bin/ar
configure:6025: result: ar
configure:6062: checking for archiver @FILE support
configure:6080: gcc -c -g -O2  conftest.c >&5
configure:6080: $? = 0
configure:6084: ar cru libconftest.a @conftest.lst >&5
ar: `u' modifier ignored since `D' is the default (see `U')
configure:6087: $? = 0
configure:6092: ar cru libconftest.a @conftest.lst >&5
ar: `u' modifier ignored since `D' is the default (see `U')
ar: conftest.o: No such file or directory
configure:6095: $? = 1
configure:6107: result: @
configure:6170: checking for strip
configure:6191: found /usr/bin/strip
configure:6202: result: strip
configure:6279: checking for ranlib
configure:6300: found /usr/bin/ranlib
configure:6311: result: ranlib
configure:6413: checking command to parse /usr/bin/nm -B output from gcc object
configure:6533: gcc -c -g -O2  conftest.c >&5
configure:6536: $? = 0
configure:6540: /usr/bin/nm -B conftest.o \| sed -n -e 's/^.*[ ]\([ABCDGIRSTW][ABCDGIRSTW]*\)[ ][ ]*\([_A-Za-z][_A-Za-z0-9]*\)$/\1 \2 \2/p' | sed '/ __gnu_lto/d' \> conftest.nm
configure:6543: $? = 0
configure:6609: gcc -o conftest -g -O2   conftest.c conftstm.o >&5
configure:6612: $? = 0
configure:6650: result: ok
configure:6687: checking for sysroot
configure:6718: result: no
configure:6796: gcc -c -g -O2  conftest.c >&5
configure:6799: $? = 0
configure:6969: checking for mt
configure:6990: found /usr/bin/mt
configure:7001: result: mt
configure:7024: checking if mt is a manifest tool
configure:7031: mt '-?'
configure:7039: result: no
configure:7724: checking for stdio.h
configure:7724: gcc -c -g -O2  conftest.c >&5
configure:7724: $? = 0
configure:7724: result: yes
configure:7724: checking for stdlib.h
configure:7724: gcc -c -g -O2  conftest.c >&5
configure:7724: $? = 0
configure:7724: result: yes
configure:7724: checking for string.h
configure:7724: gcc -c -g -O2  conftest.c >&5
configure:7724: $? = 0
configure:7724: result: yes
configure:7724: checking for inttypes.h
configure:7724: gcc -c -g -O2  conftest.c >&5
configure:7724: $? = 0
configure:7724: result: yes
configure:7724: checking for stdint.h
configure:7724: gcc -c -g -O2  conftest.c >&5
configure:7724: $? = 0
configure:7724: result: yes
configure:7724: checking for strings.h
configure:7724: gcc -c -g -O2  conftest.c >&5
configure:7724: $? = 0
configure:7724: result: yes
configure:7724: checking for sys/stat.h
configure:7724: gcc -c -g -O2  conftest.c >&5
configure:7724: $? = 0
configure:7724: result: yes
configure:7724: checking for sys/types.h
configure:7724: gcc -c -g -O2  conftest.c >&5
configure:7724: $? = 0
configure:7724: result: yes
configure:7724: checking for unistd.h
configure:7724: gcc -c -g -O2  conftest.c >&5
configure:7724: $? = 0
configure:7724: result: yes
configure:7749: checking for dlfcn.h
configure:7749: gcc -c -g -O2  conftest.c >&5
configure:7749: $? = 0
configure:7749: result: yes
configure:7937: checking for objdir
configure:7953: result: .libs
configure:8224: checking if gcc supports -fno-rtti -fno-exceptions
configure:8243: gcc -c -g -O2  -fno-rtti -fno-exceptions conftest.c >&5
cc1: warning: command-line option '-fno-rtti' is valid for C++/D/ObjC++ but not for C
configure:8247: $? = 0
configure:8260: result: no
configure:8570: checking for gcc option to produce PIC
configure:8578: result: -fPIC -DPIC
configure:8586: checking if gcc PIC flag -fPIC -DPIC works
configure:8605: gcc -c -g -O2  -fPIC -DPIC -DPIC conftest.c >&5
configure:8609: $? = 0
configure:8622: result: yes
configure:8651: checking if gcc static flag -static works
configure:8680: result: yes
configure:8695: checking if gcc supports -c -o file.o
configure:8717: gcc -c -g -O2  -o out/conftest2.o conftest.c >&5
configure:8721: $? = 0
configure:8743: result: yes
configure:8751: checking if gcc supports -c -o file.o
configure:8799: result: yes
configure:8832: checking whether the gcc linker (/usr/bin/ld -m elf_x86_64) supports shared libraries
configure:9997: result: yes
configure:10034: checking whether -lc should be explicitly linked in
configure:10043: gcc -c -g -O2  conftest.c >&5
configure:10046: $? = 0
configure:10061: gcc -shared  -fPIC -DPIC conftest.o  -v -Wl,-soname -Wl,conftest -o conftest 2\>\&1 \| /usr/bin/grep  -lc  \>/dev/null 2\>\&1
configure:10064: $? = 0
configure:10078: result: no
configure:10243: checking dynamic linker characteristics
configure:10758: gcc -o conftest -g -O2   -Wl,-rpath -Wl,/foo conftest.c  >&5
configure:10758: $? = 0
configure:10982: result: GNU/Linux ld.so
configure:11089: checking how to hardcode library paths into programs
configure:11114: result: immediate
configure:11658: checking whether stripping libraries is possible
configure:11663: result: yes
configure:11698: checking if libtool supports shared libraries
configure:11700: result: yes
configure:11703: checking whether to build shared libraries
configure:11724: result: yes
configure:11727: checking whether to build static libraries
configure:11731: result: yes
configure:11767: checking for exp in -lm
configure:11790: gcc -o conftest -g -O2   conftest.c -lm   >&5
conftest.c:27:6: warning: conflicting types for built-in function 'exp'; expected 'double(double)' [-Wbuiltin-declaration-mismatch]
   27 | char exp ();
      |      ^~~
conftest.c:1:1: note: 'exp' is declared in header '<math.h>'
    1 | /* confdefs.h */
configure:11790: $? = 0
configure:11800: result: yes
configure:11811: checking for sys/time.h
configure:11811: gcc -c -g -O2  conftest.c >&5
configure:11811: $? = 0
configure:11811: result: yes
configure:11820: checking for gettimeofday
configure:11820: gcc -o conftest -g -O2   conftest.c -lm  >&5
configure:11820: $? = 0
configure:11820: result: yes
configure:11840: checking whether to use GNU MP bignum library
configure:11850: result: no
configure:11854: checking whether to enable shared library support
configure:11877: result: no
configure:11894: checking whether to enable MathProg ODBC support
configure:11916: result: no
configure:11920: checking whether to enable MathProg MySQL support
configure:11933: result: no
configure:11937: checking whether to enable reentrancy support
configure:11940: result: yes
configure:11942: checking for thread local storage (TLS) class specifier
configure:11956: gcc -c -g -O2  conftest.c >&5
configure:11956: $? = 0
configure:11962: result: _Thread_local
configure:11976: checking if libtool needs -no-undefined flag to build shared libraries
configure:11987: result: no
configure:12096: checking that generated files are newer than configure
configure:12102: result: done
configure:12125: creating ./config.status

## ---------------- ##
## Cache variables. ##
## ---------------- ##

ac_cv_build=x86_64-unknown-linux-gnu
ac_cv_c_compiler_gnu=yes
ac_cv_env_CC_set=
ac_cv_env_CC_value=
ac_cv_env_CFLAGS_set=
ac_cv_env_CFLAGS_value=
ac_cv_env_CPPFLAGS_set=
ac_cv_env_CPPFLAGS_value=
ac_cv_env_LDFLAGS_set=
ac_cv_env_LDFLAGS_value=
ac_cv_env_LIBS_set=
ac_cv_env_LIBS_value=
ac_cv_env_build_alias_set=
ac_cv_env_build_alias_value=
ac_cv_env_host_alias_set=
ac_cv_env_host_alias_value=
ac_cv_env_target_alias_set=
ac_cv_env_target_alias_value=
ac_cv_func_gettimeofday=yes
ac_cv_header_dlfcn_h=yes
ac_cv_header_inttypes_h=yes
ac_cv_header_stdint_h=yes
ac_cv_header_stdio_h=yes
ac_cv_header_stdlib_h=yes
ac_cv_header_string_h=yes
ac_cv_header_strings_h=yes
ac_cv_header_sys_stat_h=yes
ac_cv_header_sys_time_h=yes
ac_cv_header_sys_types_h=yes
ac_cv_header_unistd_h=yes
ac_cv_host=x86_64-unknown-linux-gnu
ac_cv_lib_m_exp=yes
ac_cv_objext=o
ac_cv_path_EGREP='/usr/bin/grep -E'
ac_cv_path_FGREP='/usr/bin/grep -F'
ac_cv_path_GREP=/usr/bin/grep
ac_cv_path_SED=/usr/bin/sed
ac_cv_path_install='/usr/bin/install -c'
ac_cv_path_mkdir=/usr/bin/mkdir
ac_cv_prog_AWK=gawk
ac_cv_prog_ac_ct_AR=ar
ac_cv_prog_ac_ct_CC=gcc
ac_cv_prog_ac_ct_MANIFEST_TOOL=mt
ac_cv_prog_ac_ct_OBJDUMP=objdump
ac_cv_prog_ac_ct_RANLIB=ranlib
ac_cv_prog_ac_ct_STRIP=strip
ac_cv_prog_cc_c11=
ac_cv_prog_cc_g=yes
ac_cv_prog_cc_stdc=
ac_cv_prog_make_make_set=yes
am_cv_CC_dependencies_compiler_type=gcc3
lt_cv_ar_at_file=@
lt_cv_archive_cmds_need_lc=no
lt_cv_deplibs_check_method=pass_all
lt_cv_file_magic_cmd='$MAGIC_CMD'
lt_cv_file_magic_test_file=
lt_cv_ld_reload_flag=-r
lt_cv_nm_interface='BSD nm'
lt_cv_objdir=.libs
lt_cv_path_LD=/usr/bin/ld
lt_cv_path_NM='/usr/bin/nm -B'
lt_cv_path_mainfest_tool=no
lt_cv_prog_compiler_c_o=yes
lt_cv_prog_compiler_pic='-fPIC -DPIC'
lt_cv_prog_compiler_pic_works=yes
lt_cv_prog_compiler_rtti_exceptions=no
lt_cv_prog_compiler_static_works=yes
lt_cv_prog_gnu_ld=yes
lt_cv_sharedlib_from_linklib_cmd='printf %s\n'
lt_cv_shlibpath_overrides_runpath=yes
lt_cv_sys_global_symbol_pipe='sed -n -e '\''s/^.*[	 ]\([ABCDGIRSTW][ABCDGIRSTW]*\)[	 ][	 ]*\([_A-Za-z][_A-Za-z0-9]*\)$/\1 \2 \2/p'\'' | sed '\''/ __gnu_lto/d'\'''
lt_cv_sys_global_symbol_to_c_name_address='sed -n -e '\''s/^: \([^ ]*\)[ ]*$/  {\"\1\", (void *) 0},/p'\'' -e '\''s/^[ABCDGIRSTW]* \([^ ]*\) \([^ ]*\)$/  {"\2", (void *) \&\2},/p'\'''
lt_cv_sys_global_symbol_to_c_name_address_lib_prefix='sed -n -e '\''s/^: \([^ ]*\)[ ]*$/  {\"\1\", (void *) 0},/p'\'' -e '\''s/^[ABCDGIRSTW]* \([^ ]*\) \(lib[^ ]*\)$/  {"\2", (void *) \&\2},/p'\'' -e '\''s/^[ABCDGIRSTW]* \([^ ]*\) \([^ ]*\)$/  {"lib\2", (void *) \&\2},/p'\'''
lt_cv_sys_global_symbol_to_cdecl='sed -n -e '\''s/^T .* \(.*\)$/extern int \1();/p'\'' -e '\''s/^[ABCDGIRSTW]* .* \(.*\)$/extern char \1;/p'\'''
lt_cv_sys_max_cmd_len=1572864
lt_cv_to_host_file_cmd=func_convert_file_noop
lt_cv_to_tool_file_cmd=func_convert_file_noop

## ----------------- ##
## Output variables. ##
## ----------------- ##

ACLOCAL='${SHELL} /home/sergi/5glena-lyapunov-mac-scheduler/glpk-5.0/missing --run aclocal-1.12'
AMDEPBACKSLASH='\'
AMDEP_FALSE='#'
AMDEP_TRUE=''
AMTAR='$${TAR-tar}'
AR='ar'
AUTOCONF='${SHELL} /home/sergi/5glena-lyapunov-mac-scheduler/glpk-5.0/missing --run autoconf'
AUTOHEADER='${SHELL} /home/sergi/5glena-lyapunov-mac-scheduler/glpk-5.0/missing --run autoheader'
AUTOMAKE='${SHELL} /home/sergi/5glena-lyapunov-mac-scheduler/glpk-5.0/missing --run automake-1.12'
AWK='gawk'
CC='gcc'
CCDEPMODE='depmode=gcc3'
CFLAGS='-g -O2'
CPPFLAGS=''
CYGPATH_W='echo'
DEFS='-DHAVE_CONFIG_H'
DEPDIR='.deps'
DLLTOOL='false'
DSYMUTIL=''
DUMPBIN=''
ECHO_C=''
ECHO_N='-n'
ECHO_T=''
EGREP='/usr/bin/grep -E'
EXEEXT=''
FGREP='/usr/bin/grep -F'
GREP='/usr/bin/grep'
INSTALL_DATA='${INSTALL} -m 644'
INSTALL_PROGRAM='${INSTALL}'
INSTALL_SCRIPT='${INSTALL}'
INSTALL_STRIP_PROGRAM='$(install_sh) -c -s'
LD='/usr/bin/ld -m elf_x86_64'
LDFLAGS=''
LIBOBJS=''
LIBS='-lm '
LIBTOOL='$(SHELL) $(top_builddir)/libtool'
LIPO=''
LN_S='ln -s'
LTLIBOBJS=''
MAKEINFO='${SHELL} /home/sergi/5glena-lyapunov-mac-scheduler/glpk-5.0/missing --run makeinfo'
MANIFEST_TOOL=':'
MKDIR_P='/usr/bin/mkdir -p'
NM='/usr/bin/nm -B'
NMEDIT=''
NOUNDEFINED=''
OBJDUMP='objdump'
OBJEXT='o'
OTOOL64=''
OTOOL=''
PACKAGE='glpk'
PACKAGE_BUGREPORT='bug-glpk@gnu.org'
PACKAGE_NAME='GLPK'
PACKAGE_STRING='GLPK 5.0'
PACKAGE_TARNAME='glpk'
PACKAGE_URL=''
PACKAGE_VERSION='5.0'
PATH_SEPARATOR=':'
RANLIB='ranlib'
SED='/usr/bin/sed'
SET_MAKE=''
SHELL='/bin/bash'
STRIP='strip'
VERSION='5.0'
ac_ct_AR='ar'
ac_ct_CC='gcc'
ac_ct_DUMPBIN=''
am__EXEEXT_FALSE=''
am__EXEEXT_TRUE='#'
am__fastdepCC_FALSE='#'
am__fastdepCC_TRUE=''
am__include='include'
am__isrc=''
am__leading_dot='.'
am__nodep='_no'
am__quote=''
am__tar='$${TAR-tar} chof - "$$tardir"'
am__untar='$${TAR-tar} xf -'
bindir='${exec_prefix}/bin'
build='x86_64-unknown-linux-gnu'
build_alias=''
build_cpu='x86_64'
build_os='linux-gnu'
build_vendor='unknown'
datadir='${datarootdir}'
datarootdir='${prefix}/share'
docdir='${datarootdir}/doc/${PACKAGE_TARNAME}'
dvidir='${docdir}'
exec_prefix='${prefix}'
host='x86_64-unknown-linux-gnu'
host_alias=''
host_cpu='x86_64'
host_os='linux-gnu'
host_vendor='unknown'
htmldir='${docdir}'
includedir='${prefix}/include'
infodir='${datarootdir}/info'
install_sh='${SHELL} /home/sergi/5glena-lyapunov-mac-scheduler/glpk-5.0/install-sh'
libdir='${exec_prefix}/lib'
libexecdir='${exec_prefix}/libexec'
localedir='${datarootdir}/locale'
localstatedir='${prefix}/var'
mandir='${datarootdir}/man'
mkdir_p='$(MKDIR_P)'
oldincludedir='/usr/include'
pdfdir='${docdir}'
prefix='/usr/local'
program_transform_name='s,x,x,'
psdir='${docdir}'
runstatedir='${localstatedir}/run'
sbindir='${exec_prefix}/sbin'
sharedstatedir='${prefix}/com'
sysconfdir='${prefix}/etc'
target_alias=''

## ----------- ##
## confdefs.h. ##
## ----------- ##

/* confdefs.h */
#define PACKAGE_NAME "GLPK"
#define PACKAGE_TARNAME "glpk"
#define PACKAGE_VERSION "5.0"
#define PACKAGE_STRING "GLPK 5.0"
#define PACKAGE_BUGREPORT "bug-glpk@gnu.org"
#define PACKAGE_URL ""
#define PACKAGE "glpk"
#define VERSION "5.0"
#define HAVE_STDIO_H 1
#define HAVE_STDLIB_H 1
#define HAVE_STRING_H 1
#define HAVE_INTTYPES_H 1
#define HAVE_STDINT_H 1
#define HAVE_STRINGS_H 1
#define HAVE_SYS_STAT_H 1
#define HAVE_SYS_TYPES_H 1
#define HAVE_UNISTD_H 1
#define STDC_HEADERS 1
#define HAVE_DLFCN_H 1
#define LT_OBJDIR ".libs/"
#define HAVE_LIBM 1
#define HAVE_SYS_TIME_H 1
#define HAVE_GETTIMEOFDAY 1
#define TLS _Thread_local

configure: exit 0

## ---------------------- ##
## Running config.status. ##
## ---------------------- ##

This file was extended by GLPK config.status 5.0, which was
generated by GNU Autoconf 2.71.  Invocation command line was

  CONFIG_FILES    = 
  CONFIG_HEADERS  = 
  CONFIG_LINKS    = 
  CONFIG_COMMANDS = 
  $ ./config.status 

on srv-nds-munez

config.status:1076: creating src/Makefile
config.status:1076: creating examples/Makefile
config.status:1076: creating Makefile
config.status:1076: creating config.h
config.status:1257: config.h is unchanged
config.status:1305: executing depfiles commands
config.status:1305: executing libtool commands

## ---------------------- ##
## Running config.status. ##
## ---------------------- ##

This file was extended by GLPK config.status 5.0, which was
generated by GNU Autoconf 2.71.  Invocation command line was

  CONFIG_FILES    = 
  CONFIG_HEADERS  = 
  CONFIG_LINKS    = 
  CONFIG_COMMANDS = 
  $ ./config.status config.h

on srv-nds-munez

config.status:1076: creating config.h
